c:\users\blazesrus\documents\visual studio 2013\projects\niflibtestenvironment\niflib\miscfiles\sourcemergemoverintermediate\vc120.pdb
c:\users\blazesrus\documents\visual studio 2013\projects\niflibtestenvironment\niflib\miscfiles\sourcemergemoverintermediate\sourcemergemover.obj
c:\users\blazesrus\documents\visual studio 2013\projects\niflibtestenvironment\niflib\miscfiles\sourcemergemoverintermediate\inidata.obj
c:\users\blazesrus\documents\visual studio 2013\projects\niflibtestenvironment\niflib\miscfiles\sourcemergemoverintermediate\variablevectorfunctions.obj
c:\users\blazesrus\documents\visual studio 2013\projects\niflibtestenvironment\niflib\miscfiles\sourcemergemoverintermediate\variabletypelists.obj
c:\users\blazesrus\documents\visual studio 2013\projects\niflibtestenvironment\niflib\miscfiles\sourcemergemoverintermediate\variabledata.obj
c:\users\blazesrus\documents\visual studio 2013\projects\niflibtestenvironment\niflib\miscfiles\sourcemergemoverintermediate\tagposition.obj
c:\users\blazesrus\documents\visual studio 2013\projects\niflibtestenvironment\niflib\miscfiles\sourcemergemoverintermediate\stringvectorlist.obj
c:\users\blazesrus\documents\visual studio 2013\projects\niflibtestenvironment\niflib\miscfiles\sourcemergemoverintermediate\stringfunctions.obj
c:\users\blazesrus\documents\visual studio 2013\projects\niflibtestenvironment\niflib\miscfiles\sourcemergemoverintermediate\quadvectorfunctions.obj
c:\users\blazesrus\documents\visual studio 2013\projects\niflibtestenvironment\niflib\miscfiles\sourcemergemoverintermediate\quadvector.obj
c:\users\blazesrus\documents\visual studio 2013\projects\niflibtestenvironment\niflib\miscfiles\sourcemergemoverintermediate\miscfunctions.obj
c:\users\blazesrus\documents\visual studio 2013\projects\niflibtestenvironment\niflib\miscfiles\sourcemergemoverprogram\sourcemergemover.exe
c:\users\blazesrus\documents\visual studio 2013\projects\niflibtestenvironment\\niflib\miscfiles\sourcemergemoverprogram\sourcemergemover.exe
c:\users\blazesrus\documents\visual studio 2013\projects\niflibtestenvironment\niflib\miscfiles\sourcemergemoverintermediate\sourcemergemover.tlog\cl.command.1.tlog
c:\users\blazesrus\documents\visual studio 2013\projects\niflibtestenvironment\niflib\miscfiles\sourcemergemoverintermediate\sourcemergemover.tlog\cl.read.1.tlog
c:\users\blazesrus\documents\visual studio 2013\projects\niflibtestenvironment\niflib\miscfiles\sourcemergemoverintermediate\sourcemergemover.tlog\cl.write.1.tlog
c:\users\blazesrus\documents\visual studio 2013\projects\niflibtestenvironment\niflib\miscfiles\sourcemergemoverintermediate\sourcemergemover.tlog\link.command.1.tlog
c:\users\blazesrus\documents\visual studio 2013\projects\niflibtestenvironment\niflib\miscfiles\sourcemergemoverintermediate\sourcemergemover.tlog\link.read.1.tlog
c:\users\blazesrus\documents\visual studio 2013\projects\niflibtestenvironment\niflib\miscfiles\sourcemergemoverintermediate\sourcemergemover.tlog\link.write.1.tlog
