Build started 1/28/2016 7:06:33 PM.
     1>Project "C:\Users\BlazesRus\Documents\Visual Studio 2013\Projects\NifLibTestEnvironment\ObjectRegistryCodeGenerator\ObjectRegistryCodeGenerator.vcxproj" on node 2 (Rebuild target(s)).
     1>ClCompile:
         F:\UserFiles\ProgrammingTools\Compilers\VisualStudio2013\VC\bin\x86_amd64\CL.exe /c /I"C:\Users\BlazesRus\Documents\Visual Studio 2013\Projects\NifLibTestEnvironment\GlobalCode\\" /Zi /nologo /W3 /WX- /sdl /O2 /Oi /GL /D WIN32 /D NDEBUG /D _CONSOLE /D _LIB /D _UNICODE /D UNICODE /Gm- /EHsc /MD /GS /Gy /fp:precise /Zc:wchar_t /Zc:forScope /Fo"C:\Users\BlazesRus\Documents\Visual Studio 2013\Projects\NifLibTestEnvironment\ObjectRegistryCodeGenerator/x64/" /Fd"C:\Users\BlazesRus\Documents\Visual Studio 2013\Projects\NifLibTestEnvironment\ObjectRegistryCodeGenerator/x64/vc120.pdb" /Gd /TP /errorReport:prompt "C:\Users\BlazesRus\Documents\Visual Studio 2013\Projects\NifLibTestEnvironment\GlobalCode\BinaryVectorList.cpp" "C:\Users\BlazesRus\Documents\Visual Studio 2013\Projects\NifLibTestEnvironment\GlobalCode\IniData.cpp" "C:\Users\BlazesRus\Documents\Visual Studio 2013\Projects\NifLibTestEnvironment\GlobalCode\MiscFunctions.cpp" "C:\Users\BlazesRus\Documents\Visual Studio 2013\Projects\NifLibTestEnvironment\GlobalCode\QuadVector.cpp" "C:\Users\BlazesRus\Documents\Visual Studio 2013\Projects\NifLibTestEnvironment\GlobalCode\QuadVectorFunctions.cpp" "C:\Users\BlazesRus\Documents\Visual Studio 2013\Projects\NifLibTestEnvironment\GlobalCode\StringFunctions.cpp" "C:\Users\BlazesRus\Documents\Visual Studio 2013\Projects\NifLibTestEnvironment\GlobalCode\StringVectorList.cpp" "C:\Users\BlazesRus\Documents\Visual Studio 2013\Projects\NifLibTestEnvironment\GlobalCode\SuperDec.cpp" "C:\Users\BlazesRus\Documents\Visual Studio 2013\Projects\NifLibTestEnvironment\GlobalCode\TagNodeTreeTemplate.cpp" "C:\Users\BlazesRus\Documents\Visual Studio 2013\Projects\NifLibTestEnvironment\GlobalCode\TagPosition.cpp" "C:\Users\BlazesRus\Documents\Visual Studio 2013\Projects\NifLibTestEnvironment\GlobalCode\VariableData.cpp" "C:\Users\BlazesRus\Documents\Visual Studio 2013\Projects\NifLibTestEnvironment\GlobalCode\VariableTypeLists.cpp" "C:\Users\BlazesRus\Documents\Visual Studio 2013\Projects\NifLibTestEnvironment\GlobalCode\VariableVectorFunctions.cpp" "C:\Users\BlazesRus\Documents\Visual Studio 2013\Projects\NifLibTestEnvironment\GlobalCode\XMLOption.cpp" ObjectRegistryCodeGenerator.cpp
         BinaryVectorList.cpp
         IniData.cpp
         MiscFunctions.cpp
         QuadVector.cpp
         QuadVectorFunctions.cpp
         StringFunctions.cpp
     1>C:\Users\BlazesRus\Documents\Visual Studio 2013\Projects\NifLibTestEnvironment\GlobalCode\StringFunctions.cpp(31): warning C4244: 'initializing' : conversion from 'double' to 'int', possible loss of data
     1>C:\Users\BlazesRus\Documents\Visual Studio 2013\Projects\NifLibTestEnvironment\GlobalCode\StringFunctions.cpp(37): warning C4244: 'initializing' : conversion from 'double' to '__int64', possible loss of data
     1>C:\Users\BlazesRus\Documents\Visual Studio 2013\Projects\NifLibTestEnvironment\GlobalCode\StringFunctions.cpp(51): warning C4244: 'initializing' : conversion from 'double' to 'int', possible loss of data
     1>C:\Users\BlazesRus\Documents\Visual Studio 2013\Projects\NifLibTestEnvironment\GlobalCode\StringFunctions.cpp(65): warning C4244: 'initializing' : conversion from 'double' to 'int', possible loss of data
     1>C:\Users\BlazesRus\Documents\Visual Studio 2013\Projects\NifLibTestEnvironment\GlobalCode\StringFunctions.cpp(81): warning C4244: 'initializing' : conversion from 'double' to 'int', possible loss of data
     1>C:\Users\BlazesRus\Documents\Visual Studio 2013\Projects\NifLibTestEnvironment\GlobalCode\StringFunctions.cpp(220): warning C4244: '=' : conversion from 'double' to 'int', possible loss of data
     1>C:\Users\BlazesRus\Documents\Visual Studio 2013\Projects\NifLibTestEnvironment\GlobalCode\StringFunctions.cpp(290): warning C4244: '=' : conversion from 'double' to 'int', possible loss of data
     1>C:\Users\BlazesRus\Documents\Visual Studio 2013\Projects\NifLibTestEnvironment\GlobalCode\StringFunctions.cpp(337): warning C4244: '=' : conversion from 'double' to '__int64', possible loss of data
     1>C:\Users\BlazesRus\Documents\Visual Studio 2013\Projects\NifLibTestEnvironment\GlobalCode\StringFunctions.cpp(1032): warning C4244: 'initializing' : conversion from 'double' to 'int', possible loss of data
     1>C:\Users\BlazesRus\Documents\Visual Studio 2013\Projects\NifLibTestEnvironment\GlobalCode\StringFunctions.cpp(1045): warning C4244: '=' : conversion from 'double' to 'unsigned char', possible loss of data
     1>C:\Users\BlazesRus\Documents\Visual Studio 2013\Projects\NifLibTestEnvironment\GlobalCode\StringFunctions.cpp(1046): warning C4244: '-=' : conversion from 'double' to 'int', possible loss of data
     1>C:\Users\BlazesRus\Documents\Visual Studio 2013\Projects\NifLibTestEnvironment\GlobalCode\StringFunctions.cpp(1057): warning C4244: '=' : conversion from 'double' to 'unsigned char', possible loss of data
     1>C:\Users\BlazesRus\Documents\Visual Studio 2013\Projects\NifLibTestEnvironment\GlobalCode\StringFunctions.cpp(1093): warning C4244: '=' : conversion from 'double' to 'unsigned char', possible loss of data
     1>C:\Users\BlazesRus\Documents\Visual Studio 2013\Projects\NifLibTestEnvironment\GlobalCode\StringFunctions.cpp(1094): warning C4244: '-=' : conversion from 'double' to 'int', possible loss of data
     1>C:\Users\BlazesRus\Documents\Visual Studio 2013\Projects\NifLibTestEnvironment\GlobalCode\StringFunctions.cpp(1120): warning C4244: '=' : conversion from 'double' to 'unsigned char', possible loss of data
     1>C:\Users\BlazesRus\Documents\Visual Studio 2013\Projects\NifLibTestEnvironment\GlobalCode\StringFunctions.cpp(1269): warning C4056: overflow in floating-point constant arithmetic
     1>C:\Users\BlazesRus\Documents\Visual Studio 2013\Projects\NifLibTestEnvironment\GlobalCode\StringFunctions.cpp(1310): warning C4244: 'argument' : conversion from 'double' to 'uint64_t', possible loss of data
     1>C:\Users\BlazesRus\Documents\Visual Studio 2013\Projects\NifLibTestEnvironment\GlobalCode\StringFunctions.cpp(1315): warning C4244: 'return' : conversion from 'uint64_t' to 'double', possible loss of data
         StringVectorList.cpp
         SuperDec.cpp
     1>c:\users\blazesrus\documents\visual studio 2013\projects\niflibtestenvironment\globalcode\SuperDec.h(37): warning C4267: '=' : conversion from 'size_t' to 'int', possible loss of data
     1>c:\users\blazesrus\documents\visual studio 2013\projects\niflibtestenvironment\globalcode\SuperDec.h(53): warning C4267: '=' : conversion from 'size_t' to 'unsigned int', possible loss of data
     1>c:\users\blazesrus\documents\visual studio 2013\projects\niflibtestenvironment\globalcode\SuperDec.h(89): warning C4244: '=' : conversion from 'double' to 'size_t', possible loss of data
         TagNodeTreeTemplate.cpp
         TagPosition.cpp
         VariableData.cpp
         VariableTypeLists.cpp
         VariableVectorFunctions.cpp
         XMLOption.cpp
         ObjectRegistryCodeGenerator.cpp
       Link:
         F:\UserFiles\ProgrammingTools\Compilers\VisualStudio2013\VC\bin\x86_amd64\link.exe /ERRORREPORT:PROMPT /OUT:"C:\Users\BlazesRus\Documents\Visual Studio 2013\Projects\NifLibTestEnvironment\ObjectRegistryCodeGenerator/ObjectRegistryCodeGenerator.exe" /INCREMENTAL:NO /NOLOGO kernel32.lib user32.lib gdi32.lib winspool.lib comdlg32.lib advapi32.lib shell32.lib ole32.lib oleaut32.lib uuid.lib odbc32.lib odbccp32.lib /MANIFEST /MANIFESTUAC:"level='asInvoker' uiAccess='false'" /manifest:embed /DEBUG /PDB:"C:\Users\BlazesRus\Documents\Visual Studio 2013\Projects\NifLibTestEnvironment\ObjectRegistryCodeGenerator/ObjectRegistryCodeGenerator.pdb" /SUBSYSTEM:CONSOLE /OPT:REF /OPT:ICF /LTCG /TLBID:1 /DYNAMICBASE /NXCOMPAT /IMPLIB:"C:\Users\BlazesRus\Documents\Visual Studio 2013\Projects\NifLibTestEnvironment\ObjectRegistryCodeGenerator/ObjectRegistryCodeGenerator.lib" /MACHINE:X64 "C:\Users\BlazesRus\Documents\Visual Studio 2013\Projects\NifLibTestEnvironment\ObjectRegistryCodeGenerator/x64/BinaryVectorList.obj"
         "C:\Users\BlazesRus\Documents\Visual Studio 2013\Projects\NifLibTestEnvironment\ObjectRegistryCodeGenerator/x64/IniData.obj"
         "C:\Users\BlazesRus\Documents\Visual Studio 2013\Projects\NifLibTestEnvironment\ObjectRegistryCodeGenerator/x64/MiscFunctions.obj"
         "C:\Users\BlazesRus\Documents\Visual Studio 2013\Projects\NifLibTestEnvironment\ObjectRegistryCodeGenerator/x64/QuadVector.obj"
         "C:\Users\BlazesRus\Documents\Visual Studio 2013\Projects\NifLibTestEnvironment\ObjectRegistryCodeGenerator/x64/QuadVectorFunctions.obj"
         "C:\Users\BlazesRus\Documents\Visual Studio 2013\Projects\NifLibTestEnvironment\ObjectRegistryCodeGenerator/x64/StringFunctions.obj"
         "C:\Users\BlazesRus\Documents\Visual Studio 2013\Projects\NifLibTestEnvironment\ObjectRegistryCodeGenerator/x64/StringVectorList.obj"
         "C:\Users\BlazesRus\Documents\Visual Studio 2013\Projects\NifLibTestEnvironment\ObjectRegistryCodeGenerator/x64/SuperDec.obj"
         "C:\Users\BlazesRus\Documents\Visual Studio 2013\Projects\NifLibTestEnvironment\ObjectRegistryCodeGenerator/x64/TagNodeTreeTemplate.obj"
         "C:\Users\BlazesRus\Documents\Visual Studio 2013\Projects\NifLibTestEnvironment\ObjectRegistryCodeGenerator/x64/TagPosition.obj"
         "C:\Users\BlazesRus\Documents\Visual Studio 2013\Projects\NifLibTestEnvironment\ObjectRegistryCodeGenerator/x64/VariableData.obj"
         "C:\Users\BlazesRus\Documents\Visual Studio 2013\Projects\NifLibTestEnvironment\ObjectRegistryCodeGenerator/x64/VariableTypeLists.obj"
         "C:\Users\BlazesRus\Documents\Visual Studio 2013\Projects\NifLibTestEnvironment\ObjectRegistryCodeGenerator/x64/VariableVectorFunctions.obj"
         "C:\Users\BlazesRus\Documents\Visual Studio 2013\Projects\NifLibTestEnvironment\ObjectRegistryCodeGenerator/x64/XMLOption.obj"
         "C:\Users\BlazesRus\Documents\Visual Studio 2013\Projects\NifLibTestEnvironment\ObjectRegistryCodeGenerator/x64/ObjectRegistryCodeGenerator.obj"
         Generating code
         Finished generating code
         ObjectRegistryCodeGenerator.vcxproj -> C:\Users\BlazesRus\Documents\Visual Studio 2013\Projects\NifLibTestEnvironment\ObjectRegistryCodeGenerator/ObjectRegistryCodeGenerator.exe
     1>Done Building Project "C:\Users\BlazesRus\Documents\Visual Studio 2013\Projects\NifLibTestEnvironment\ObjectRegistryCodeGenerator\ObjectRegistryCodeGenerator.vcxproj" (Rebuild target(s)).

Build succeeded.

Time Elapsed 00:00:08.95
