c:\users\blazesrus\documents\visual studio 2013\projects\niflibtestenvironment\objectregistrycodegenerator\x64\vc120.pdb
c:\users\blazesrus\documents\visual studio 2013\projects\niflibtestenvironment\objectregistrycodegenerator\x64\objectregistrycodegenerator.obj
c:\users\blazesrus\documents\visual studio 2013\projects\niflibtestenvironment\objectregistrycodegenerator\x64\xmloption.obj
c:\users\blazesrus\documents\visual studio 2013\projects\niflibtestenvironment\objectregistrycodegenerator\x64\variablevectorfunctions.obj
c:\users\blazesrus\documents\visual studio 2013\projects\niflibtestenvironment\objectregistrycodegenerator\x64\variabletypelists.obj
c:\users\blazesrus\documents\visual studio 2013\projects\niflibtestenvironment\objectregistrycodegenerator\x64\variabledata.obj
c:\users\blazesrus\documents\visual studio 2013\projects\niflibtestenvironment\objectregistrycodegenerator\x64\tagposition.obj
c:\users\blazesrus\documents\visual studio 2013\projects\niflibtestenvironment\objectregistrycodegenerator\x64\tagnodetreetemplate.obj
c:\users\blazesrus\documents\visual studio 2013\projects\niflibtestenvironment\objectregistrycodegenerator\x64\superdec.obj
c:\users\blazesrus\documents\visual studio 2013\projects\niflibtestenvironment\objectregistrycodegenerator\x64\stringvectorlist.obj
c:\users\blazesrus\documents\visual studio 2013\projects\niflibtestenvironment\objectregistrycodegenerator\x64\stringfunctions.obj
c:\users\blazesrus\documents\visual studio 2013\projects\niflibtestenvironment\objectregistrycodegenerator\x64\quadvectorfunctions.obj
c:\users\blazesrus\documents\visual studio 2013\projects\niflibtestenvironment\objectregistrycodegenerator\x64\quadvector.obj
c:\users\blazesrus\documents\visual studio 2013\projects\niflibtestenvironment\objectregistrycodegenerator\x64\miscfunctions.obj
c:\users\blazesrus\documents\visual studio 2013\projects\niflibtestenvironment\objectregistrycodegenerator\x64\inidata.obj
c:\users\blazesrus\documents\visual studio 2013\projects\niflibtestenvironment\objectregistrycodegenerator\x64\binaryvectorlist.obj
c:\users\blazesrus\documents\visual studio 2013\projects\niflibtestenvironment\objectregistrycodegenerator\objectregistrycodegenerator.exe
c:\users\blazesrus\documents\visual studio 2013\projects\niflibtestenvironment\objectregistrycodegenerator\objectregistrycodegenerator.pdb
c:\users\blazesrus\documents\visual studio 2013\projects\niflibtestenvironment\objectregistrycodegenerator/objectregistrycodegenerator.pdb
c:\users\blazesrus\documents\visual studio 2013\projects\niflibtestenvironment\objectregistrycodegenerator/objectregistrycodegenerator.exe
c:\users\blazesrus\documents\visual studio 2013\projects\niflibtestenvironment\objectregistrycodegenerator\x64\objectre.0fe283fb.tlog\cl.command.1.tlog
c:\users\blazesrus\documents\visual studio 2013\projects\niflibtestenvironment\objectregistrycodegenerator\x64\objectre.0fe283fb.tlog\cl.read.1.tlog
c:\users\blazesrus\documents\visual studio 2013\projects\niflibtestenvironment\objectregistrycodegenerator\x64\objectre.0fe283fb.tlog\cl.write.1.tlog
c:\users\blazesrus\documents\visual studio 2013\projects\niflibtestenvironment\objectregistrycodegenerator\x64\objectre.0fe283fb.tlog\link.command.1.tlog
c:\users\blazesrus\documents\visual studio 2013\projects\niflibtestenvironment\objectregistrycodegenerator\x64\objectre.0fe283fb.tlog\link.read.1.tlog
c:\users\blazesrus\documents\visual studio 2013\projects\niflibtestenvironment\objectregistrycodegenerator\x64\objectre.0fe283fb.tlog\link.write.1.tlog
